<?xml version="1.0" encoding="UTF-8"?>
<!-- Generated by org.testng.reporters.JUnitReportReporter -->
<testsuite hostname="LAPTOP-5VLP6L6O" failures="0" tests="1" name="com.live.techpanda.org.test_cases.TC_007" time="8.147" errors="0" timestamp="2022-10-06T06:56:13 IST" skipped="0">
  <testcase classname="com.live.techpanda.org.test_cases.TC_007" name="verificationOfPreviousOrder" time="8.147"/>
  <system-out/>
</testsuite> <!-- com.live.techpanda.org.test_cases.TC_007 -->
