<?xml version="1.0" encoding="UTF-8"?>
<!-- Generated by org.testng.reporters.JUnitReportReporter -->
<testsuite hostname="LAPTOP-5VLP6L6O" failures="0" tests="5" name="com.live.techpanda.org.test_cases.TC_001" time="5.348" errors="0" timestamp="2022-10-13T14:45:46 IST" skipped="0">
  <testcase classname="com.live.techpanda.org.test_cases.TC_001" name="appURLTitleVerification" time="0.045"/>
  <system-out/>
  <testcase classname="com.live.techpanda.org.test_cases.TC_001" name="visibilityOfMobileLink" time="0.149"/>
  <system-out/>
  <testcase classname="com.live.techpanda.org.test_cases.TC_001" name="verifyMobilePageTitle" time="1.718"/>
  <system-out/>
  <testcase classname="com.live.techpanda.org.test_cases.TC_001" name="isDropdownByName" time="1.935"/>
  <system-out/>
  <testcase classname="com.live.techpanda.org.test_cases.TC_001" name="sortingProductsByName" time="1.501"/>
  <system-out/>
</testsuite> <!-- com.live.techpanda.org.test_cases.TC_001 -->
