<?xml version="1.0" encoding="UTF-8"?>
<!-- Generated by org.testng.reporters.JUnitReportReporter -->
<testsuite hostname="LAPTOP-5VLP6L6O" failures="0" tests="1" name="com.live.techpanda.org.test_cases.TC_002" time="12.370" errors="0" timestamp="2022-10-10T18:16:27 IST" skipped="0">
  <testcase classname="com.live.techpanda.org.test_cases.TC_002" name="costTitleVerification" time="12.370"/>
  <system-out/>
</testsuite> <!-- com.live.techpanda.org.test_cases.TC_002 -->
