<?xml version="1.0" encoding="UTF-8"?>
<!-- Generated by org.testng.reporters.JUnitReportReporter -->
<testsuite hostname="LAPTOP-5VLP6L6O" failures="0" tests="1" name="com.live.techpanda.org.test_cases.TC_003" time="7.899" errors="0" timestamp="2022-10-04T15:18:41 IST" skipped="0">
  <testcase classname="com.live.techpanda.org.test_cases.TC_003" name="verificationOfErrorMessage" time="7.899"/>
  <system-out/>
</testsuite> <!-- com.live.techpanda.org.test_cases.TC_003 -->
